<?xml version="1.0" encoding="UTF-8"?>
<!-- Generated by org.testng.reporters.JUnitReportReporter -->
<testsuite hostname="Akathiya-Desktop" failures="0" tests="8" name="org.Hotel.HotelAdactin" time="25.192" errors="0" timestamp="2023-08-01T20:23:23 IST" skipped="0">
  <testcase classname="org.Hotel.HotelAdactin" name="tc4" time="6.776"/>
  <system-out/>
  <testcase classname="org.Hotel.HotelAdactin" name="tc3" time="1.644"/>
  <system-out/>
  <testcase classname="org.Hotel.HotelAdactin" name="tc3" time="1.286"/>
  <system-out/>
  <testcase classname="org.Hotel.HotelAdactin" name="tc2" time="2.046"/>
  <system-out/>
  <testcase classname="org.Hotel.HotelAdactin" name="tc1" time="2.338"/>
  <system-out/>
  <testcase classname="org.Hotel.HotelAdactin" name="tc4" time="6.613"/>
  <system-out/>
  <testcase classname="org.Hotel.HotelAdactin" name="tc2" time="2.102"/>
  <system-out/>
  <testcase classname="org.Hotel.HotelAdactin" name="tc1" time="2.387"/>
  <system-out/>
</testsuite> <!-- org.Hotel.HotelAdactin -->
