<?xml version="1.0" encoding="UTF-8"?>
<!-- Generated by org.testng.reporters.JUnitReportReporter -->
<testsuite hostname="Akathiya-Desktop" failures="0" tests="3" name="org.FacebookTest.Facbook" time="24.054" errors="0" timestamp="2023-10-26T11:53:07 IST" skipped="0">
  <testcase classname="org.FacebookTest.Facbook" name="password" time="4.934"/>
  <system-out/>
  <testcase classname="org.FacebookTest.Facbook" name="signUp" time="4.632"/>
  <system-out/>
  <testcase classname="org.FacebookTest.Facbook" name="login" time="14.488"/>
  <system-out/>
</testsuite> <!-- org.FacebookTest.Facbook -->
