<?xml version="1.0" encoding="UTF-8"?>
<!-- Generated by org.testng.reporters.JUnitReportReporter -->
<testsuite hostname="Akathiya-Desktop" failures="0" tests="2" name="org.Amazon.AmazonTestNg" time="47.859" errors="0" timestamp="2023-10-26T11:58:22 IST" skipped="0">
  <testcase classname="org.Amazon.AmazonTestNg" name="product" time="19.808"/>
  <system-out/>
  <testcase classname="org.Amazon.AmazonTestNg" name="product2" time="28.051"/>
  <system-out/>
</testsuite> <!-- org.Amazon.AmazonTestNg -->
